build/jsb-default/frameworks/runtime-src/proj.android-studio/app/build/intermediates/proguard-rules/release/aapt_rules.txt
# Referenced at processReleaseManifest\merged\AndroidManifest.xml:51
-keep class com.google.android.gms.ads.AdActivity { <init>(...); }
# Referenced at processReleaseManifest\merged\AndroidManifest.xml:57
-keep class com.google.android.gms.ads.MobileAdsInitProvider { <init>(...); }
# Referenced at processReleaseManifest\merged\AndroidManifest.xml:32
-keep class org.cocos2dx.javascript.AppActivity { <init>(...); }