build/jsb-default/frameworks/runtime-src/proj.android-studio/app/build/outputs/mapping/release/seeds.txt
org.cocos2d.projectX.R$attr: int adSize
org.cocos2d.projectX.R$attr: int adSizes
org.cocos2d.projectX.R$attr: int adUnitId
org.cocos2d.projectX.R$attr: int font
org.cocos2d.projectX.R$attr: int fontProviderAuthority
org.cocos2d.projectX.R$attr: int fontProviderCerts
org.cocos2d.projectX.R$attr: int fontProviderFetchStrategy
org.cocos2d.projectX.R$attr: int fontProviderFetchTimeout
org.cocos2d.projectX.R$attr: int fontProviderPackage
org.cocos2d.projectX.R$attr: int fontProviderQuery
org.cocos2d.projectX.R$attr: int fontStyle
org.cocos2d.projectX.R$attr: int fontWeight
org.cocos2d.projectX.R$bool: int abc_action_bar_embed_tabs
org.cocos2d.projectX.R$color: int notification_action_color_filter
org.cocos2d.projectX.R$color: int notification_icon_bg_color
org.cocos2d.projectX.R$color: int notification_material_background_media_default_color
org.cocos2d.projectX.R$color: int primary_text_default_material_dark
org.cocos2d.projectX.R$color: int ripple_material_light
org.cocos2d.projectX.R$color: int secondary_text_default_material_dark
org.cocos2d.projectX.R$color: int secondary_text_default_material_light
org.cocos2d.projectX.R$dimen: int compat_button_inset_horizontal_material
org.cocos2d.projectX.R$dimen: int compat_button_inset_vertical_material
org.cocos2d.projectX.R$dimen: int compat_button_padding_horizontal_material
org.cocos2d.projectX.R$dimen: int compat_button_padding_vertical_material
org.cocos2d.projectX.R$dimen: int compat_control_corner_material
org.cocos2d.projectX.R$dimen: int notification_action_icon_size
org.cocos2d.projectX.R$dimen: int notification_action_text_size
org.cocos2d.projectX.R$dimen: int notification_big_circle_margin
org.cocos2d.projectX.R$dimen: int notification_content_margin_start
org.cocos2d.projectX.R$dimen: int notification_large_icon_height
org.cocos2d.projectX.R$dimen: int notification_large_icon_width
org.cocos2d.projectX.R$dimen: int notification_main_column_padding_top
org.cocos2d.projectX.R$dimen: int notification_media_narrow_margin
org.cocos2d.projectX.R$dimen: int notification_right_icon_size
org.cocos2d.projectX.R$dimen: int notification_right_side_padding_top
org.cocos2d.projectX.R$dimen: int notification_small_icon_background_padding
org.cocos2d.projectX.R$dimen: int notification_small_icon_size_as_large
org.cocos2d.projectX.R$dimen: int notification_subtext_size
org.cocos2d.projectX.R$dimen: int notification_top_pad
org.cocos2d.projectX.R$dimen: int notification_top_pad_large_text
org.cocos2d.projectX.R$drawable: int notification_action_background
org.cocos2d.projectX.R$drawable: int notification_bg
org.cocos2d.projectX.R$drawable: int notification_bg_low
org.cocos2d.projectX.R$drawable: int notification_bg_low_normal
org.cocos2d.projectX.R$drawable: int notification_bg_low_pressed
org.cocos2d.projectX.R$drawable: int notification_bg_normal
org.cocos2d.projectX.R$drawable: int notification_bg_normal_pressed
org.cocos2d.projectX.R$drawable: int notification_icon_background
org.cocos2d.projectX.R$drawable: int notification_template_icon_bg
org.cocos2d.projectX.R$drawable: int notification_template_icon_low_bg
org.cocos2d.projectX.R$drawable: int notification_tile_bg
org.cocos2d.projectX.R$drawable: int notify_panel_notification_icon_bg
...
com.google.android.gms.common.internal.ReflectedParcelable
com.google.android.gms.common.internal.safeparcel.SafeParcelable: java.lang.String NULL
com.google.android.gms.common.internal.zzb: android.os.Parcelable$Creator CREATOR
com.google.android.gms.common.internal.zzr: android.os.Parcelable$Creator CREATOR
com.google.android.gms.common.stats.StatsEvent
com.google.android.gms.common.stats.WakeLockEvent
com.google.android.gms.common.stats.WakeLockEvent: android.os.Parcelable$Creator CREATOR
com.google.android.gms.common.util.DynamiteApi
com.google.android.gms.common.zzk: android.os.Parcelable$Creator CREATOR
com.google.android.gms.dynamite.DynamiteModule$DynamiteLoaderClassLoader
com.google.android.gms.dynamite.DynamiteModule$DynamiteLoaderClassLoader: java.lang.ClassLoader sClassLoader
com.google.android.gms.dynamite.DynamiteModule$DynamiteLoaderClassLoader: DynamiteModule$DynamiteLoaderClassLoader()
com.google.android.gms.dynamite.descriptors.com.google.android.gms.ads.dynamite.ModuleDescriptor
com.google.android.gms.dynamite.descriptors.com.google.android.gms.ads.dynamite.ModuleDescriptor: java.lang.String MODULE_ID
com.google.android.gms.dynamite.descriptors.com.google.android.gms.ads.dynamite.ModuleDescriptor: int MODULE_VERSION
com.google.android.gms.dynamite.descriptors.com.google.android.gms.ads.dynamite.ModuleDescriptor: ModuleDescriptor()
com.google.android.gms.internal.ads.zzaav: android.os.Parcelable$Creator CREATOR
com.google.android.gms.internal.ads.zzabz: android.os.Parcelable$Creator CREATOR
com.google.android.gms.internal.ads.zzacc: android.os.Parcelable$Creator CREATOR
com.google.android.gms.internal.ads.zzadx: android.os.Parcelable$Creator CREATOR
com.google.android.gms.internal.ads.zzahz: android.os.Parcelable$Creator CREATOR
com.google.android.gms.internal.ads.zzaib: android.os.Parcelable$Creator CREATOR
com.google.android.gms.internal.ads.zzain: android.os.Parcelable$Creator CREATOR
com.google.android.gms.internal.ads.zzaix: android.os.Parcelable$Creator CREATOR
com.google.android.gms.internal.ads.zzaiz: android.os.Parcelable$Creator CREATOR
com.google.android.gms.internal.ads.zzajp: void notify(java.lang.String)
com.google.android.gms.internal.ads.zzapk: android.os.Parcelable$Creator CREATOR
com.google.android.gms.internal.ads.zzapm
com.google.android.gms.internal.ads.zzapm: zzapm()
com.google.android.gms.internal.ads.zzapm: void requestInterstitialAd(android.content.Context,com.google.android.gms.ads.mediation.MediationInterstitialListener,android.os.Bundle,com.google.android.gms.ads.mediation.MediationAdRequest,android.os.Bundle)
com.google.android.gms.internal.ads.zzapm: void showInterstitial()
com.google.android.gms.internal.ads.zzapm: void onDestroy()
com.google.android.gms.internal.ads.zzapm: void onPause()
com.google.android.gms.internal.ads.zzapm: void onResume()
com.google.android.gms.internal.ads.zzarh: android.os.Parcelable$Creator CREATOR
com.google.android.gms.internal.ads.zzarj: android.os.Parcelable$Creator CREATOR
com.google.android.gms.internal.ads.zzarl: android.os.Parcelable$Creator CREATOR
com.google.android.gms.internal.ads.zzarv: android.os.Parcelable$Creator CREATOR
com.google.android.gms.internal.ads.zzary: android.os.Parcelable$Creator CREATOR
com.google.android.gms.internal.ads.zzasa: android.os.Parcelable$Creator CREATOR
com.google.android.gms.internal.ads.zzati: android.os.Parcelable$Creator CREATOR
com.google.android.gms.internal.ads.zzatp: android.os.Parcelable$Creator CREATOR
com.google.android.gms.internal.ads.zzaun: android.os.Parcelable$Creator CREATOR
com.google.android.gms.internal.ads.zzauz: android.os.Parcelable$Creator CREATOR
com.google.android.gms.internal.ads.zzawd: android.os.Parcelable$Creator CREATOR
com.google.android.gms.internal.ads.zzayn: android.os.Parcelable$Creator CREATOR
com.google.android.gms.internal.ads.zzbaj: android.os.Parcelable$Creator CREATOR