build/jsb-default/frameworks/runtime-src/proj.android-studio/app/build/outputs/mapping/release/mapping.txt
com.google.android.gms.internal.ads.zzbam -> com.google.android.gms.internal.ads.zh:
    com.google.android.gms.internal.ads.zzbbi zzf(java.lang.Object) -> a
com.google.android.gms.internal.ads.zzban -> com.google.android.gms.internal.ads.zi:
    java.lang.Object apply(java.lang.Object) -> a
com.google.android.gms.internal.ads.zzbao -> com.google.android.gms.internal.ads.zj:
    void zzk(java.lang.Object) -> a
    void zzb(java.lang.Throwable) -> a
com.google.android.gms.internal.ads.zzbap -> com.google.android.gms.internal.ads.zk:
    void zza(com.google.android.gms.internal.ads.zzbbi,java.lang.String) -> a
    void zzb(com.google.android.gms.internal.ads.zzbbi,java.lang.String) -> b
com.google.android.gms.internal.ads.zzbaq -> com.google.android.gms.internal.ads.zl:
    java.lang.String zzdzi -> a
    void <init>(java.lang.String) -> <init>
    void zzk(java.lang.Object) -> a
    void zzb(java.lang.Throwable) -> a
com.google.android.gms.internal.ads.zzbar -> com.google.android.gms.internal.ads.zm:
    java.lang.String zzdzi -> a
    void <init>(java.lang.String) -> <init>
    void zzk(java.lang.Object) -> a
    void zzb(java.lang.Throwable) -> a
com.google.android.gms.internal.ads.zzbas -> com.google.android.gms.internal.ads.zn:
    void zza(com.google.android.gms.internal.ads.zzbbi,com.google.android.gms.internal.ads.zzbao,java.util.concurrent.Executor) -> a
    com.google.android.gms.internal.ads.zzbbi zza(com.google.android.gms.internal.ads.zzbbi,com.google.android.gms.internal.ads.zzban,java.util.concurrent.Executor) -> a
    com.google.android.gms.internal.ads.zzbbi zza(com.google.android.gms.internal.ads.zzbbi,com.google.android.gms.internal.ads.zzbam,java.util.concurrent.Executor) -> a
    com.google.android.gms.internal.ads.zzbbi zze(java.lang.Iterable) -> a
    com.google.android.gms.internal.ads.zzbbi zza(com.google.android.gms.internal.ads.zzbbi,long,java.util.concurrent.TimeUnit,java.util.concurrent.ScheduledExecutorService) -> a
    com.google.android.gms.internal.ads.zzbbi zza(com.google.android.gms.internal.ads.zzbbi,java.lang.Class,com.google.android.gms.internal.ads.zzbam,java.util.concurrent.Executor) -> a
    com.google.android.gms.internal.ads.zzbbd zza(com.google.android.gms.internal.ads.zzbbi[]) -> a
    com.google.android.gms.internal.ads.zzbbd zzf(java.lang.Iterable) -> b
    com.google.android.gms.internal.ads.zzbbh zzm(java.lang.Object) -> a
    com.google.android.gms.internal.ads.zzbbg zzd(java.lang.Throwable) -> a
    void zza(com.google.android.gms.internal.ads.zzbbi,com.google.android.gms.internal.ads.zzbbs) -> a
com.google.android.gms.internal.ads.zzbat -> com.google.android.gms.internal.ads.zo:
    com.google.android.gms.internal.ads.zzbao zzdzj -> a
    com.google.android.gms.internal.ads.zzbbi zzdzk -> b
    void <init>(com.google.android.gms.internal.ads.zzbao,com.google.android.gms.internal.ads.zzbbi) -> <init>
    void run() -> run
com.google.android.gms.internal.ads.zzbau -> com.google.android.gms.internal.ads.zp:
    com.google.android.gms.internal.ads.zzbbs zzbxi -> a
    com.google.android.gms.internal.ads.zzban zzdzl -> b
    com.google.android.gms.internal.ads.zzbbi zzdzm -> c
    void <init>(com.google.android.gms.internal.ads.zzbbs,com.google.android.gms.internal.ads.zzban,com.google.android.gms.internal.ads.zzbbi) -> <init>
    void run() -> run
com.google.android.gms.internal.ads.zzbav -> com.google.android.gms.internal.ads.zq:
    com.google.android.gms.internal.ads.zzbbs zzbxi -> a
    com.google.android.gms.internal.ads.zzbam zzdzn -> b
    com.google.android.gms.internal.ads.zzbbi zzdzm -> c
    void <init>(com.google.android.gms.internal.ads.zzbbs,com.google.android.gms.internal.ads.zzbam,com.google.android.gms.internal.ads.zzbbi) -> <init>
    void run() -> run