build/jsb-default/frameworks/runtime-src/proj.android-studio/app/build/outputs/mapping/release/usage.txt
org.cocos2d.projectX.BuildConfig
org.cocos2d.projectX.R
org.cocos2d.projectX.R$attr
org.cocos2d.projectX.R$bool
org.cocos2d.projectX.R$color
org.cocos2d.projectX.R$dimen
org.cocos2d.projectX.R$drawable
org.cocos2d.projectX.R$id
org.cocos2d.projectX.R$integer
org.cocos2d.projectX.R$layout
org.cocos2d.projectX.R$mipmap
org.cocos2d.projectX.R$string
org.cocos2d.projectX.R$style
org.cocos2d.projectX.R$styleable
...
cz.msebera.android.httpclient.conn.ssl.DistinguishedNameParser:
    366:415:public java.util.List getAllMostSpecificFirst(java.lang.String)
cz.msebera.android.httpclient.conn.ssl.NoopHostnameVerifier
cz.msebera.android.httpclient.conn.ssl.PrivateKeyDetails
cz.msebera.android.httpclient.conn.ssl.PrivateKeyStrategy
cz.msebera.android.httpclient.conn.ssl.SSLConnectionSocketFactory
cz.msebera.android.httpclient.conn.ssl.SSLContextBuilder:
    static final java.lang.String SSL
    82:83:public cz.msebera.android.httpclient.conn.ssl.SSLContextBuilder useTLS()
    87:88:public cz.msebera.android.httpclient.conn.ssl.SSLContextBuilder useSSL()
    92:93:public cz.msebera.android.httpclient.conn.ssl.SSLContextBuilder useProtocol(java.lang.String)
    97:98:public cz.msebera.android.httpclient.conn.ssl.SSLContextBuilder setSecureRandom(java.security.SecureRandom)
    134:135:public cz.msebera.android.httpclient.conn.ssl.SSLContextBuilder loadKeyMaterial(java.security.KeyStore,char[])
    143:161:public cz.msebera.android.httpclient.conn.ssl.SSLContextBuilder loadKeyMaterial(java.security.KeyStore,char[],cz.msebera.android.httpclient.conn.ssl.PrivateKeyStrategy)
cz.msebera.android.httpclient.conn.ssl.SSLContextBuilder$KeyManagerDelegate
cz.msebera.android.httpclient.conn.ssl.SSLContexts:
    46:46:public SSLContexts()
    78:80:public static javax.net.ssl.SSLContext createSystemDefault()
cz.msebera.android.httpclient.conn.ssl.SSLInitializationException:
    private static final long serialVersionUID
cz.msebera.android.httpclient.conn.ssl.SSLSocketFactory:
    public static final java.lang.String TLS
    public static final java.lang.String SSL
    public static final java.lang.String SSLV2
    174:177:private static java.lang.String[] split(java.lang.String)
    190:193:public static cz.msebera.android.httpclient.conn.ssl.SSLSocketFactory getSystemSocketFactory()
    212:219:public SSLSocketFactory(java.lang.String,java.security.KeyStore,java.lang.String,java.security.KeyStore,java.security.SecureRandom,cz.msebera.android.httpclient.conn.scheme.HostNameResolver)
    233:240:public SSLSocketFactory(java.lang.String,java.security.KeyStore,java.lang.String,java.security.KeyStore,java.security.SecureRandom,cz.msebera.android.httpclient.conn.ssl.TrustStrategy,cz.msebera.android.httpclient.conn.ssl.X509HostnameVerifier)
    253:260:public SSLSocketFactory(java.lang.String,java.security.KeyStore,java.lang.String,java.security.KeyStore,java.security.SecureRandom,cz.msebera.android.httpclient.conn.ssl.X509HostnameVerifier)
    267:272:public SSLSocketFactory(java.security.KeyStore,java.lang.String,java.security.KeyStore)
    278:282:public SSLSocketFactory(java.security.KeyStore,java.lang.String)
    300:304:public SSLSocketFactory(cz.msebera.android.httpclient.conn.ssl.TrustStrategy,cz.msebera.android.httpclient.conn.ssl.X509HostnameVerifier)
    312:316:public SSLSocketFactory(cz.msebera.android.httpclient.conn.ssl.TrustStrategy)
cz.msebera.android.httpclient.conn.ssl.TrustSelfSignedStrategy
cz.msebera.android.httpclient.conn.ssl.X509HostnameVerifier:
    public abstract void verify(java.lang.String,java.security.cert.X509Certificate)
cz.msebera.android.httpclient.conn.util.InetAddressUtils:
    private static final java.lang.String IPV4_BASIC_PATTERN_STRING
    private static final char COLON_CHAR
    private static final int MAX_COLON_COUNT
    42:43:private InetAddressUtils()
    85:85:public static boolean isIPv4MappedIPv64Address(java.lang.String)
cz.msebera.android.httpclient.conn.util.PublicSuffixList
cz.msebera.android.httpclient.conn.util.PublicSuffixListParser
cz.msebera.android.httpclient.conn.util.PublicSuffixMatcher:
    54:68:public PublicSuffixMatcher(java.util.Collection,java.util.Collection)
    114:118:public boolean matches(java.lang.String)
cz.msebera.android.httpclient.conn.util.PublicSuffixMatcherLoader